INFO:root:--2021-04-08 22:30:59.167918--
Успешная связка с портом 9090

INFO:root:--2021-04-08 22:30:59.167918--
Слушаем порт 9090

INFO:root:--2021-04-08 22:31:13.060758--
Успешная связка с портом 9090

INFO:root:--2021-04-08 22:31:13.060758--
Слушаем порт 9090

INFO:root:--2021-04-08 22:31:27.632411--
Успешная связка с портом 9090

INFO:root:--2021-04-08 22:31:27.632411--
Слушаем порт 9090

INFO:root:--2021-04-08 22:31:52.276307--
Соединение установлено: (127.0.0.1, 15590, nikita)

INFO:root:--2021-04-08 22:32:56.619464--
Успешная связка с портом 666

INFO:root:--2021-04-08 22:32:56.619464--
Слушаем порт 666

INFO:root:--2021-04-08 22:33:13.094419--
Соединение установлено: (127.0.0.1, 15591, nikita)

INFO:root:--2021-04-08 22:38:46.326440--
Связка с портом 6666

INFO:root:--2021-04-08 22:38:46.326440--
Слушаем порт 6666

INFO:root:--2021-04-08 22:38:58.017595--
Соединение установлено: (127.0.0.1, 15619, nikita)

INFO:root:--2021-04-08 22:46:41.959304--
Связка с портом 6666

INFO:root:--2021-04-08 22:46:41.959304--
Слушаем порт 6666

